Using pre-set license
Built from '2020.3/staging' branch; Version is '2020.3.11f1 (99c7afb366b3) revision 10078127'; Using compiler version '192528614'; Build Type 'Release'
OS: 'Windows 10 Pro; OS build 19041.1052; Version 2004; 64bit' Language: 'en' Physical Memory: 16335 MB
BatchMode: 1, IsHumanControllingUs: 0, StartBugReporterOnCrash: 0, Is64bit: 1, IsPro: 0

 COMMAND LINE ARGUMENTS:
C:\Program Files\Unity\Hub\Editor\2020.3.11f1\Editor\Unity.exe
-adb2
-batchMode
-noUpm
-name
AssetImportWorker0
-projectPath
C:/Users/VRguy/Documents/GitHub/HAGJ21 Finn MacCool Fishing
-logFile
Logs/AssetImportWorker0.log
-srvPort
56194
Successfully changed project path to: C:/Users/VRguy/Documents/GitHub/HAGJ21 Finn MacCool Fishing
C:/Users/VRguy/Documents/GitHub/HAGJ21 Finn MacCool Fishing
Using Asset Import Pipeline V2.
Refreshing native plugins compatible for Editor in 87.44 ms, found 2 plugins.
Preloading 0 native plugins for Editor in 0.00 ms.
Initialize engine version: 2020.3.11f1 (99c7afb366b3)
[Subsystems] Discovering subsystems at path C:/Program Files/Unity/Hub/Editor/2020.3.11f1/Editor/Data/Resources/UnitySubsystems
[Subsystems] Discovering subsystems at path C:/Users/VRguy/Documents/GitHub/HAGJ21 Finn MacCool Fishing/Assets
GfxDevice: creating device client; threaded=0
Direct3D:
    Version:  Direct3D 11.0 [level 11.1]
    Renderer: NVIDIA GeForce GTX 1080 (ID=0x1b80)
    Vendor:   
    VRAM:     8079 MB
    Driver:   27.21.14.5671
Initialize mono
Mono path[0] = 'C:/Program Files/Unity/Hub/Editor/2020.3.11f1/Editor/Data/Managed'
Mono path[1] = 'C:/Program Files/Unity/Hub/Editor/2020.3.11f1/Editor/Data/MonoBleedingEdge/lib/mono/unityjit'
Mono config path = 'C:/Program Files/Unity/Hub/Editor/2020.3.11f1/Editor/Data/MonoBleedingEdge/etc'
Using monoOptions --debugger-agent=transport=dt_socket,embedding=1,server=y,suspend=n,address=127.0.0.1:56604
Begin MonoManager ReloadAssembly
Registering precompiled unity dll's ...
Register platform support module: C:/Program Files/Unity/Hub/Editor/2020.3.11f1/Editor/Data/PlaybackEngines/WindowsStandaloneSupport/UnityEditor.WindowsStandalone.Extensions.dll
Registered in 0.002669 seconds.
Native extension for WindowsStandalone target not found
Refreshing native plugins compatible for Editor in 64.96 ms, found 2 plugins.
Preloading 0 native plugins for Editor in 0.00 ms.
Mono: successfully reloaded assembly
- Completed reload, in  5.651 seconds
Platform modules already initialized, skipping
Registering precompiled user dll's ...
Registered in 0.008112 seconds.
Begin MonoManager ReloadAssembly
Native extension for WindowsStandalone target not found
Refreshing native plugins compatible for Editor in 65.10 ms, found 2 plugins.
Preloading 0 native plugins for Editor in 0.00 ms.
Mono: successfully reloaded assembly
- Completed reload, in  1.455 seconds
Platform modules already initialized, skipping
========================================================================
Worker process is ready to serve import requests
Shader 'Universal Render Pipeline/Particles/Lit': fallback shader 'Universal Render Pipeline/Particles/SimpleLit' not found
Shader 'Universal Render Pipeline/Particles/Lit': fallback shader 'Universal Render Pipeline/Particles/SimpleLit' not found
Launched and connected shader compiler UnityShaderCompiler.exe after 0.05 seconds
Refreshing native plugins compatible for Editor in 1.19 ms, found 2 plugins.
Preloading 0 native plugins for Editor in 0.00 ms.
Unloading 2988 Unused Serialized files (Serialized files now loaded: 0)
System memory in use before: 132.5 MB.
System memory in use after: 129.7 MB.

Unloading 56 unused Assets to reduce memory usage. Loaded Objects now: 3388.
Total: 5.809700 ms (FindLiveObjects: 0.436000 ms CreateObjectMapping: 0.108300 ms MarkObjects: 3.421200 ms  DeleteObjects: 1.839900 ms)

========================================================================
Received Import Request.
  path: Assets/PixelRenderTexture.renderTexture
  artifactKey: Guid(4f9b62b7fa5e5df42a1d0ce42cb54721) Importer(815301076,1909f56bfc062723c751e8b465ee728b)
Start importing Assets/PixelRenderTexture.renderTexture using Guid(4f9b62b7fa5e5df42a1d0ce42cb54721) Importer(815301076,1909f56bfc062723c751e8b465ee728b)  -> (artifact id: '5a29057eeb18a1b30397b081ab25889c') in 0.104026 seconds
  Import took 0.109837 seconds .

========================================================================
Received Prepare
Registering precompiled user dll's ...
Registered in 0.006073 seconds.
Begin MonoManager ReloadAssembly
Native extension for WindowsStandalone target not found
Refreshing native plugins compatible for Editor in 0.65 ms, found 2 plugins.
Preloading 0 native plugins for Editor in 0.00 ms.
Mono: successfully reloaded assembly
- Completed reload, in  1.209 seconds
Platform modules already initialized, skipping
Shader 'Universal Render Pipeline/Particles/Lit': fallback shader 'Universal Render Pipeline/Particles/SimpleLit' not found
Shader 'Universal Render Pipeline/Particles/Lit': fallback shader 'Universal Render Pipeline/Particles/SimpleLit' not found
Refreshing native plugins compatible for Editor in 0.66 ms, found 2 plugins.
Preloading 0 native plugins for Editor in 0.00 ms.
Unloading 2913 Unused Serialized files (Serialized files now loaded: 0)
System memory in use before: 131.9 MB.
System memory in use after: 129.2 MB.

Unloading 49 unused Assets to reduce memory usage. Loaded Objects now: 3396.
Total: 4.228000 ms (FindLiveObjects: 0.314600 ms CreateObjectMapping: 0.078900 ms MarkObjects: 2.371200 ms  DeleteObjects: 1.461500 ms)

========================================================================
Received Prepare
Registering precompiled user dll's ...
Registered in 0.005767 seconds.
Begin MonoManager ReloadAssembly
Native extension for WindowsStandalone target not found
Refreshing native plugins compatible for Editor in 0.61 ms, found 2 plugins.
Preloading 0 native plugins for Editor in 0.00 ms.
Mono: successfully reloaded assembly
- Completed reload, in  1.231 seconds
Platform modules already initialized, skipping
Shader 'Universal Render Pipeline/Particles/Lit': fallback shader 'Universal Render Pipeline/Particles/SimpleLit' not found
Shader 'Universal Render Pipeline/Particles/Lit': fallback shader 'Universal Render Pipeline/Particles/SimpleLit' not found
Refreshing native plugins compatible for Editor in 0.61 ms, found 2 plugins.
Preloading 0 native plugins for Editor in 0.00 ms.
Unloading 2913 Unused Serialized files (Serialized files now loaded: 0)
System memory in use before: 132.0 MB.
System memory in use after: 129.3 MB.

Unloading 49 unused Assets to reduce memory usage. Loaded Objects now: 3399.
Total: 5.230000 ms (FindLiveObjects: 0.434900 ms CreateObjectMapping: 0.099000 ms MarkObjects: 3.089700 ms  DeleteObjects: 1.604700 ms)

========================================================================
Received Import Request.
  Time since last request: 258.244094 seconds.
  path: Assets/salmonsheet.png
  artifactKey: Guid(72e5eace1a283d14fbc08d20443aaec2) Importer(815301076,1909f56bfc062723c751e8b465ee728b)
Start importing Assets/salmonsheet.png using Guid(72e5eace1a283d14fbc08d20443aaec2) Importer(815301076,1909f56bfc062723c751e8b465ee728b)  -> (artifact id: '384b2d66d5adbada601b5cd4ae80c56e') in 0.098515 seconds
  Import took 0.103500 seconds .

========================================================================
Received Import Request.
  Time since last request: 288.868994 seconds.
  path: Assets/salmonsheet.png
  artifactKey: Guid(72e5eace1a283d14fbc08d20443aaec2) Importer(815301076,1909f56bfc062723c751e8b465ee728b)
Start importing Assets/salmonsheet.png using Guid(72e5eace1a283d14fbc08d20443aaec2) Importer(815301076,1909f56bfc062723c751e8b465ee728b)  -> (artifact id: '78e5c6d1a9b3e64948f0c63e7b9f88ff') in 0.015796 seconds
  Import took 0.021231 seconds .

========================================================================
Received Import Request.
  Time since last request: 152.823932 seconds.
  path: Assets/salmonsheet.png
  artifactKey: Guid(72e5eace1a283d14fbc08d20443aaec2) Importer(815301076,1909f56bfc062723c751e8b465ee728b)
Start importing Assets/salmonsheet.png using Guid(72e5eace1a283d14fbc08d20443aaec2) Importer(815301076,1909f56bfc062723c751e8b465ee728b)  -> (artifact id: '618645d95e36c0531bc42ff658bec9f7') in 0.036859 seconds
  Import took 0.042196 seconds .

========================================================================
Received Import Request.
  Time since last request: 23.604017 seconds.
  path: Assets/salmonsheet.png
  artifactKey: Guid(72e5eace1a283d14fbc08d20443aaec2) Importer(815301076,1909f56bfc062723c751e8b465ee728b)
Start importing Assets/salmonsheet.png using Guid(72e5eace1a283d14fbc08d20443aaec2) Importer(815301076,1909f56bfc062723c751e8b465ee728b)  -> (artifact id: 'aca85e699866b8d09f8b0f1577d799b6') in 0.008750 seconds
  Import took 0.014944 seconds .

========================================================================
Received Prepare
Registering precompiled user dll's ...
Registered in 0.005616 seconds.
Begin MonoManager ReloadAssembly
Native extension for WindowsStandalone target not found
Refreshing native plugins compatible for Editor in 0.71 ms, found 2 plugins.
Preloading 0 native plugins for Editor in 0.00 ms.
Mono: successfully reloaded assembly
- Completed reload, in  1.364 seconds
Platform modules already initialized, skipping
Shader 'Universal Render Pipeline/Particles/Lit': fallback shader 'Universal Render Pipeline/Particles/SimpleLit' not found
Shader 'Universal Render Pipeline/Particles/Lit': fallback shader 'Universal Render Pipeline/Particles/SimpleLit' not found
Refreshing native plugins compatible for Editor in 0.62 ms, found 2 plugins.
Preloading 0 native plugins for Editor in 0.00 ms.
Unloading 2947 Unused Serialized files (Serialized files now loaded: 0)
System memory in use before: 133.2 MB.
System memory in use after: 130.4 MB.

Unloading 49 unused Assets to reduce memory usage. Loaded Objects now: 3441.
Total: 4.670900 ms (FindLiveObjects: 0.331700 ms CreateObjectMapping: 0.079700 ms MarkObjects: 2.609300 ms  DeleteObjects: 1.648700 ms)

========================================================================
Received Prepare
Registering precompiled user dll's ...
Registered in 0.006219 seconds.
Begin MonoManager ReloadAssembly
Native extension for WindowsStandalone target not found
Refreshing native plugins compatible for Editor in 0.61 ms, found 2 plugins.
Preloading 0 native plugins for Editor in 0.00 ms.
Mono: successfully reloaded assembly
- Completed reload, in  1.275 seconds
Platform modules already initialized, skipping
Shader 'Universal Render Pipeline/Particles/Lit': fallback shader 'Universal Render Pipeline/Particles/SimpleLit' not found
Shader 'Universal Render Pipeline/Particles/Lit': fallback shader 'Universal Render Pipeline/Particles/SimpleLit' not found
Refreshing native plugins compatible for Editor in 0.63 ms, found 2 plugins.
Preloading 0 native plugins for Editor in 0.00 ms.
Unloading 2987 Unused Serialized files (Serialized files now loaded: 0)
System memory in use before: 134.4 MB.
System memory in use after: 131.7 MB.

Unloading 49 unused Assets to reduce memory usage. Loaded Objects now: 3488.
Total: 4.539000 ms (FindLiveObjects: 0.365300 ms CreateObjectMapping: 0.082900 ms MarkObjects: 2.414500 ms  DeleteObjects: 1.674400 ms)

========================================================================
Received Import Request.
  Time since last request: 639.974030 seconds.
  path: Assets/salmonsheet.png
  artifactKey: Guid(72e5eace1a283d14fbc08d20443aaec2) Importer(815301076,1909f56bfc062723c751e8b465ee728b)
Start importing Assets/salmonsheet.png using Guid(72e5eace1a283d14fbc08d20443aaec2) Importer(815301076,1909f56bfc062723c751e8b465ee728b)  -> (artifact id: 'ce990861aed9bd8e81635fa22ecae0f3') in 0.079065 seconds
  Import took 0.084706 seconds .

========================================================================
Received Import Request.
  Time since last request: 51.697964 seconds.
  path: Assets/SalmonAnimCont.controller
  artifactKey: Guid(fd26751b98b3a0444a742f308a15aa69) Importer(815301076,1909f56bfc062723c751e8b465ee728b)
Start importing Assets/SalmonAnimCont.controller using Guid(fd26751b98b3a0444a742f308a15aa69) Importer(815301076,1909f56bfc062723c751e8b465ee728b)  -> (artifact id: '3c765529ecd4d9fd0a240e93d75f50fb') in 0.015076 seconds
  Import took 0.020073 seconds .

========================================================================
Received Import Request.
  Time since last request: 0.004220 seconds.
  path: Assets/SalmonAnimCont.controller
  artifactKey: Guid(fd26751b98b3a0444a742f308a15aa69) Importer(815301076,1909f56bfc062723c751e8b465ee728b)
Start importing Assets/SalmonAnimCont.controller using Guid(fd26751b98b3a0444a742f308a15aa69) Importer(815301076,1909f56bfc062723c751e8b465ee728b)  -> (artifact id: '3c765529ecd4d9fd0a240e93d75f50fb') in 0.003831 seconds
  Import took 0.008788 seconds .

========================================================================
Received Import Request.
  Time since last request: 23.572330 seconds.
  path: Assets/SalmonAC.controller
  artifactKey: Guid(fd26751b98b3a0444a742f308a15aa69) Importer(815301076,1909f56bfc062723c751e8b465ee728b)
Start importing Assets/SalmonAC.controller using Guid(fd26751b98b3a0444a742f308a15aa69) Importer(815301076,1909f56bfc062723c751e8b465ee728b)  -> (artifact id: '19ca06c6811cf1882e5ca54d0b30e93f') in 0.024633 seconds
  Import took 0.030014 seconds .

========================================================================
Received Import Request.
  Time since last request: 21.819469 seconds.
  path: Assets/SalmonSwim.anim
  artifactKey: Guid(b5ce51539eef8174a91bf012a2db488b) Importer(815301076,1909f56bfc062723c751e8b465ee728b)
Start importing Assets/SalmonSwim.anim using Guid(b5ce51539eef8174a91bf012a2db488b) Importer(815301076,1909f56bfc062723c751e8b465ee728b)  -> (artifact id: '6b7ad33ced93ad9645287394004fca87') in 0.011115 seconds
  Import took 0.016135 seconds .

========================================================================
Received Import Request.
  Time since last request: 0.001250 seconds.
  path: Assets/SalmonSwim.anim
  artifactKey: Guid(b5ce51539eef8174a91bf012a2db488b) Importer(815301076,1909f56bfc062723c751e8b465ee728b)
Start importing Assets/SalmonSwim.anim using Guid(b5ce51539eef8174a91bf012a2db488b) Importer(815301076,1909f56bfc062723c751e8b465ee728b)  -> (artifact id: '6b7ad33ced93ad9645287394004fca87') in 0.004332 seconds
  Import took 0.009410 seconds .

========================================================================
Received Import Request.
  Time since last request: 320.676813 seconds.
  path: Assets/New Animation.anim
  artifactKey: Guid(2103024013c55054f8cc9b77fdabac50) Importer(815301076,1909f56bfc062723c751e8b465ee728b)
Start importing Assets/New Animation.anim using Guid(2103024013c55054f8cc9b77fdabac50) Importer(815301076,1909f56bfc062723c751e8b465ee728b)  -> (artifact id: '8336cd965498187e550b95c4b2e302f0') in 0.011647 seconds
  Import took 0.016967 seconds .

========================================================================
Received Import Request.
  Time since last request: 0.001675 seconds.
  path: Assets/New Animation.anim
  artifactKey: Guid(2103024013c55054f8cc9b77fdabac50) Importer(815301076,1909f56bfc062723c751e8b465ee728b)
Start importing Assets/New Animation.anim using Guid(2103024013c55054f8cc9b77fdabac50) Importer(815301076,1909f56bfc062723c751e8b465ee728b)  -> (artifact id: '8336cd965498187e550b95c4b2e302f0') in 0.003945 seconds
  Import took 0.009216 seconds .

========================================================================
Received Prepare
Registering precompiled user dll's ...
Registered in 0.005966 seconds.
Begin MonoManager ReloadAssembly
Native extension for WindowsStandalone target not found
Refreshing native plugins compatible for Editor in 0.71 ms, found 2 plugins.
Preloading 0 native plugins for Editor in 0.00 ms.
Mono: successfully reloaded assembly
- Completed reload, in  1.343 seconds
Platform modules already initialized, skipping
Shader 'Universal Render Pipeline/Particles/Lit': fallback shader 'Universal Render Pipeline/Particles/SimpleLit' not found
Shader 'Universal Render Pipeline/Particles/Lit': fallback shader 'Universal Render Pipeline/Particles/SimpleLit' not found
Refreshing native plugins compatible for Editor in 0.62 ms, found 2 plugins.
Preloading 0 native plugins for Editor in 0.00 ms.
Unloading 2987 Unused Serialized files (Serialized files now loaded: 0)
System memory in use before: 134.4 MB.
System memory in use after: 131.7 MB.

Unloading 49 unused Assets to reduce memory usage. Loaded Objects now: 3497.
Total: 5.628600 ms (FindLiveObjects: 0.487900 ms CreateObjectMapping: 0.100400 ms MarkObjects: 3.093700 ms  DeleteObjects: 1.944100 ms)

========================================================================
Received Import Request.
  Time since last request: 1534.063974 seconds.
  path: Assets/Scenes
  artifactKey: Guid(5453c897d4ccc314bb13879ab93f6ab0) Importer(815301076,1909f56bfc062723c751e8b465ee728b)
Start importing Assets/Scenes using Guid(5453c897d4ccc314bb13879ab93f6ab0) Importer(815301076,1909f56bfc062723c751e8b465ee728b)  -> (artifact id: '5111d389e7ebafbe60d7b6b12f98e903') in 0.013667 seconds
  Import took 0.019402 seconds .

========================================================================
Received Import Request.
  Time since last request: 8.018876 seconds.
  path: Assets/Scenes/New Scene.unity
  artifactKey: Guid(395aeddf824a2ca448433d3200df11f3) Importer(815301076,1909f56bfc062723c751e8b465ee728b)
Start importing Assets/Scenes/New Scene.unity using Guid(395aeddf824a2ca448433d3200df11f3) Importer(815301076,1909f56bfc062723c751e8b465ee728b)  -> (artifact id: '55904f26caa15a2e92dc1b3a21b40a79') in 0.017726 seconds
  Import took 0.022707 seconds .

========================================================================
Received Import Request.
  Time since last request: 18.349400 seconds.
  path: Assets/ExampleAssets/Textures
  artifactKey: Guid(1cc500c8cdb999142b9017ebf0cf407d) Importer(815301076,1909f56bfc062723c751e8b465ee728b)
Start importing Assets/ExampleAssets/Textures using Guid(1cc500c8cdb999142b9017ebf0cf407d) Importer(815301076,1909f56bfc062723c751e8b465ee728b)  -> (artifact id: '15b531f7d02af65b446e05cf05b409c8') in 0.009421 seconds
  Import took 0.014316 seconds .

========================================================================
Received Import Request.
  Time since last request: 1.661420 seconds.
  path: Assets/ExampleAssets/Prefabs
  artifactKey: Guid(5e04804d4b233d04d92ef41852c3f676) Importer(815301076,1909f56bfc062723c751e8b465ee728b)
Start importing Assets/ExampleAssets/Prefabs using Guid(5e04804d4b233d04d92ef41852c3f676) Importer(815301076,1909f56bfc062723c751e8b465ee728b)  -> (artifact id: '768324c56d94b4efa7303716f65df392') in 0.008493 seconds
  Import took 0.013478 seconds .

========================================================================
Received Import Request.
  Time since last request: 0.002596 seconds.
  path: Assets/ExampleAssets/Prefabs
  artifactKey: Guid(5e04804d4b233d04d92ef41852c3f676) Importer(815301076,1909f56bfc062723c751e8b465ee728b)
Start importing Assets/ExampleAssets/Prefabs using Guid(5e04804d4b233d04d92ef41852c3f676) Importer(815301076,1909f56bfc062723c751e8b465ee728b)  -> (artifact id: '768324c56d94b4efa7303716f65df392') in 0.003370 seconds
  Import took 0.008584 seconds .

========================================================================
Received Import Request.
  Time since last request: 0.085798 seconds.
  path: Assets/ExampleAssets/Prefabs/Construction Light Low.prefab
  artifactKey: Guid(bf0a225a9ff184f2789f3036faaa9150) Importer(815301076,1909f56bfc062723c751e8b465ee728b)
Start importing Assets/ExampleAssets/Prefabs/Construction Light Low.prefab using Guid(bf0a225a9ff184f2789f3036faaa9150) Importer(815301076,1909f56bfc062723c751e8b465ee728b)  -> (artifact id: 'e7f58ff27ec13109e29ca419c47d0c13') in 0.802373 seconds
  Import took 0.807697 seconds .

========================================================================
Received Import Request.
  Time since last request: 0.000242 seconds.
  path: Assets/ExampleAssets/Prefabs/Workshop Set.prefab
  artifactKey: Guid(a87f0180d46fd334b9025d0314a0dc70) Importer(815301076,1909f56bfc062723c751e8b465ee728b)
Start importing Assets/ExampleAssets/Prefabs/Workshop Set.prefab using Guid(a87f0180d46fd334b9025d0314a0dc70) Importer(815301076,1909f56bfc062723c751e8b465ee728b)  -> (artifact id: 'cb1a72696c319eb08304e2a15d71b105') in 0.904826 seconds
  Import took 0.910302 seconds .

========================================================================
Received Import Request.
  Time since last request: 0.000337 seconds.
  path: Assets/ExampleAssets/Prefabs/Paint Supplies.prefab
  artifactKey: Guid(283e6530a665e4513959d1cd4883682f) Importer(815301076,1909f56bfc062723c751e8b465ee728b)
Start importing Assets/ExampleAssets/Prefabs/Paint Supplies.prefab using Guid(283e6530a665e4513959d1cd4883682f) Importer(815301076,1909f56bfc062723c751e8b465ee728b)  -> (artifact id: '12887721a8eec918a51daf5d398a0809') in 0.686238 seconds
  Import took 0.692526 seconds .

========================================================================
Received Import Request.
  Time since last request: 0.000217 seconds.
  path: Assets/ExampleAssets/Prefabs/Workbench_LOD0.prefab
  artifactKey: Guid(c0adcaeba3022437293536832628fdf8) Importer(815301076,1909f56bfc062723c751e8b465ee728b)
Start importing Assets/ExampleAssets/Prefabs/Workbench_LOD0.prefab using Guid(c0adcaeba3022437293536832628fdf8) Importer(815301076,1909f56bfc062723c751e8b465ee728b)  -> (artifact id: 'c9de4f0dd210bafe54835f388b498273') in 0.026968 seconds
  Import took 0.032033 seconds .

========================================================================
Received Import Request.
  Time since last request: 0.000217 seconds.
  path: Assets/ExampleAssets/Prefabs/Workbench.prefab
  artifactKey: Guid(8850d132797ff49298ba781e8e1c9bfe) Importer(815301076,1909f56bfc062723c751e8b465ee728b)
Start importing Assets/ExampleAssets/Prefabs/Workbench.prefab using Guid(8850d132797ff49298ba781e8e1c9bfe) Importer(815301076,1909f56bfc062723c751e8b465ee728b)  -> (artifact id: '505bbb7a0aa93368fff5244fac9f72af') in 0.282103 seconds
  Import took 0.287448 seconds .

========================================================================
Received Import Request.
  Time since last request: 0.000210 seconds.
  path: Assets/ExampleAssets/Prefabs/Props.prefab
  artifactKey: Guid(85dfab9623c67784fa7894de63cd1604) Importer(815301076,1909f56bfc062723c751e8b465ee728b)
Start importing Assets/ExampleAssets/Prefabs/Props.prefab using Guid(85dfab9623c67784fa7894de63cd1604) Importer(815301076,1909f56bfc062723c751e8b465ee728b)  -> (artifact id: 'f3faed89da01859078246b9f9c0e1837') in 0.055557 seconds
  Import took 0.061420 seconds .

========================================================================
Received Import Request.
  Time since last request: 0.000203 seconds.
  path: Assets/ExampleAssets/Prefabs/Workbench_LOD1.prefab
  artifactKey: Guid(38d5ecfa2b93c4095b4cc5d4a590e676) Importer(815301076,1909f56bfc062723c751e8b465ee728b)
Start importing Assets/ExampleAssets/Prefabs/Workbench_LOD1.prefab using Guid(38d5ecfa2b93c4095b4cc5d4a590e676) Importer(815301076,1909f56bfc062723c751e8b465ee728b)  -> (artifact id: '77741510df058aa89c6997181f3a24ce') in 0.022236 seconds
  Import took 0.027576 seconds .

========================================================================
Received Import Request.
  Time since last request: 327.171479 seconds.
  path: Assets/HAGJ BG1.PNG
  artifactKey: Guid(d0c05dcb4783de64999b32dfc4040e3c) Importer(815301076,1909f56bfc062723c751e8b465ee728b)
Start importing Assets/HAGJ BG1.PNG using Guid(d0c05dcb4783de64999b32dfc4040e3c) Importer(815301076,1909f56bfc062723c751e8b465ee728b)  -> (artifact id: '9a7a7c0844a64187a881575b083757fd') in 0.024168 seconds
  Import took 0.030229 seconds .

========================================================================
Received Import Request.
  Time since last request: 32.077525 seconds.
  path: Assets/bg1.mat
  artifactKey: Guid(717e4ed33a2c70549a8d43a6e3f04303) Importer(815301076,1909f56bfc062723c751e8b465ee728b)
Start importing Assets/bg1.mat using Guid(717e4ed33a2c70549a8d43a6e3f04303) Importer(815301076,1909f56bfc062723c751e8b465ee728b)  -> (artifact id: '9d76feac1e8838e520d3e97099fc21cd') in 0.036571 seconds
  Import took 0.041554 seconds .

========================================================================
Received Prepare
Registering precompiled user dll's ...
Registered in 0.006183 seconds.
Begin MonoManager ReloadAssembly
Native extension for WindowsStandalone target not found
Refreshing native plugins compatible for Editor in 0.62 ms, found 2 plugins.
Preloading 0 native plugins for Editor in 0.00 ms.
Mono: successfully reloaded assembly
- Completed reload, in  1.273 seconds
Platform modules already initialized, skipping
Shader 'Universal Render Pipeline/Particles/Lit': fallback shader 'Universal Render Pipeline/Particles/SimpleLit' not found
Shader 'Universal Render Pipeline/Particles/Lit': fallback shader 'Universal Render Pipeline/Particles/SimpleLit' not found
Refreshing native plugins compatible for Editor in 0.64 ms, found 2 plugins.
Preloading 0 native plugins for Editor in 0.00 ms.
Unloading 2987 Unused Serialized files (Serialized files now loaded: 0)
System memory in use before: 137.3 MB.
System memory in use after: 134.5 MB.

Unloading 49 unused Assets to reduce memory usage. Loaded Objects now: 3576.
Total: 4.891400 ms (FindLiveObjects: 0.360900 ms CreateObjectMapping: 0.084500 ms MarkObjects: 2.736000 ms  DeleteObjects: 1.708100 ms)

========================================================================
Received Import Request.
  Time since last request: 600.929241 seconds.
  path: Assets/m9z2tgc7.bmp
  artifactKey: Guid(4a18633db4d79fe4ca7f2718c75640ff) Importer(815301076,1909f56bfc062723c751e8b465ee728b)
Start importing Assets/m9z2tgc7.bmp using Guid(4a18633db4d79fe4ca7f2718c75640ff) Importer(815301076,1909f56bfc062723c751e8b465ee728b)  -> (artifact id: '8640e0488c7dffe1f376d5f340a8e077') in 0.065185 seconds
  Import took 0.070363 seconds .

========================================================================
Received Import Request.
  Time since last request: 14.522899 seconds.
  path: Assets/7wpar6n4.bmp
  artifactKey: Guid(0979db0d3ea2a744b8c31920a448b147) Importer(815301076,1909f56bfc062723c751e8b465ee728b)
Start importing Assets/7wpar6n4.bmp using Guid(0979db0d3ea2a744b8c31920a448b147) Importer(815301076,1909f56bfc062723c751e8b465ee728b)  -> (artifact id: '028b140835836353caa12f1fe7684279') in 0.014058 seconds
  Import took 0.019230 seconds .

========================================================================
Received Import Request.
  Time since last request: 0.002373 seconds.
  path: Assets/7wpar6n4.bmp
  artifactKey: Guid(0979db0d3ea2a744b8c31920a448b147) Importer(815301076,1909f56bfc062723c751e8b465ee728b)
Start importing Assets/7wpar6n4.bmp using Guid(0979db0d3ea2a744b8c31920a448b147) Importer(815301076,1909f56bfc062723c751e8b465ee728b)  -> (artifact id: '028b140835836353caa12f1fe7684279') in 0.010592 seconds
  Import took 0.016299 seconds .

========================================================================
Received Import Request.
  Time since last request: 10.555468 seconds.
  path: Assets/2duldo3n.bmp
  artifactKey: Guid(26406dd75c410d247b5d84dfa3598e03) Importer(815301076,1909f56bfc062723c751e8b465ee728b)
Start importing Assets/2duldo3n.bmp using Guid(26406dd75c410d247b5d84dfa3598e03) Importer(815301076,1909f56bfc062723c751e8b465ee728b)  -> (artifact id: 'f2f2672921b13806ee78f35cc4e0a5ea') in 0.013888 seconds
  Import took 0.019106 seconds .

========================================================================
Received Import Request.
  Time since last request: 0.002381 seconds.
  path: Assets/2duldo3n.bmp
  artifactKey: Guid(26406dd75c410d247b5d84dfa3598e03) Importer(815301076,1909f56bfc062723c751e8b465ee728b)
Start importing Assets/2duldo3n.bmp using Guid(26406dd75c410d247b5d84dfa3598e03) Importer(815301076,1909f56bfc062723c751e8b465ee728b)  -> (artifact id: 'f2f2672921b13806ee78f35cc4e0a5ea') in 0.008963 seconds
  Import took 0.014246 seconds .

========================================================================
Received Import Request.
  Time since last request: 14.074227 seconds.
  path: Assets/g619aui2.bmp
  artifactKey: Guid(3abfe309a57c65144bff15e0fe138b9d) Importer(815301076,1909f56bfc062723c751e8b465ee728b)
Start importing Assets/g619aui2.bmp using Guid(3abfe309a57c65144bff15e0fe138b9d) Importer(815301076,1909f56bfc062723c751e8b465ee728b)  -> (artifact id: 'cfa24a7e1a7b038fc785f3e8c54caf4f') in 0.013577 seconds
  Import took 0.020496 seconds .

========================================================================
Received Import Request.
  Time since last request: 0.004891 seconds.
  path: Assets/g619aui2.bmp
  artifactKey: Guid(3abfe309a57c65144bff15e0fe138b9d) Importer(815301076,1909f56bfc062723c751e8b465ee728b)
Start importing Assets/g619aui2.bmp using Guid(3abfe309a57c65144bff15e0fe138b9d) Importer(815301076,1909f56bfc062723c751e8b465ee728b)  -> (artifact id: 'cfa24a7e1a7b038fc785f3e8c54caf4f') in 0.011144 seconds
  Import took 0.016240 seconds .

========================================================================
Received Import Request.
  Time since last request: 56.106310 seconds.
  path: Assets/2duldo3n.bmp
  artifactKey: Guid(26406dd75c410d247b5d84dfa3598e03) Importer(815301076,1909f56bfc062723c751e8b465ee728b)
Start importing Assets/2duldo3n.bmp using Guid(26406dd75c410d247b5d84dfa3598e03) Importer(815301076,1909f56bfc062723c751e8b465ee728b)  -> (artifact id: '1e87e1220332f9afec822abb44c07a22') in 0.013076 seconds
  Import took 0.019173 seconds .

========================================================================
Received Import Request.
  Time since last request: 117.218647 seconds.
  path: Assets/2duldo3n.bmp
  artifactKey: Guid(26406dd75c410d247b5d84dfa3598e03) Importer(815301076,1909f56bfc062723c751e8b465ee728b)
Start importing Assets/2duldo3n.bmp using Guid(26406dd75c410d247b5d84dfa3598e03) Importer(815301076,1909f56bfc062723c751e8b465ee728b)  -> (artifact id: '9328d59bbba22aad231bdf1732f56bc8') in 0.038630 seconds
  Import took 0.044197 seconds .

========================================================================
Received Import Request.
  Time since last request: 90.317186 seconds.
  path: Assets/FinniganAC.controller
  artifactKey: Guid(7aac91053e3421b4f97d00ef50decff7) Importer(815301076,1909f56bfc062723c751e8b465ee728b)
Start importing Assets/FinniganAC.controller using Guid(7aac91053e3421b4f97d00ef50decff7) Importer(815301076,1909f56bfc062723c751e8b465ee728b)  -> (artifact id: '5bfc4aae524893a35ec3c2f37e89432c') in 0.011594 seconds
  Import took 0.016950 seconds .

========================================================================
Received Prepare
Registering precompiled user dll's ...
Registered in 0.005997 seconds.
Begin MonoManager ReloadAssembly
Native extension for WindowsStandalone target not found
Refreshing native plugins compatible for Editor in 0.65 ms, found 2 plugins.
Preloading 0 native plugins for Editor in 0.00 ms.
Mono: successfully reloaded assembly
- Completed reload, in  1.274 seconds
Platform modules already initialized, skipping
Shader 'Universal Render Pipeline/Particles/Lit': fallback shader 'Universal Render Pipeline/Particles/SimpleLit' not found
Shader 'Universal Render Pipeline/Particles/Lit': fallback shader 'Universal Render Pipeline/Particles/SimpleLit' not found
Refreshing native plugins compatible for Editor in 0.65 ms, found 2 plugins.
Preloading 0 native plugins for Editor in 0.00 ms.
Unloading 2987 Unused Serialized files (Serialized files now loaded: 0)
System memory in use before: 137.2 MB.
System memory in use after: 134.5 MB.

Unloading 49 unused Assets to reduce memory usage. Loaded Objects now: 3583.
Total: 5.082900 ms (FindLiveObjects: 0.508200 ms CreateObjectMapping: 0.197200 ms MarkObjects: 2.685200 ms  DeleteObjects: 1.690600 ms)

========================================================================
Received Import Request.
  Time since last request: 240.397743 seconds.
  path: Assets/bg1.mat
  artifactKey: Guid(717e4ed33a2c70549a8d43a6e3f04303) Importer(815301076,1909f56bfc062723c751e8b465ee728b)
Start importing Assets/bg1.mat using Guid(717e4ed33a2c70549a8d43a6e3f04303) Importer(815301076,1909f56bfc062723c751e8b465ee728b)  -> (artifact id: 'c42cfdb776789562045ac0f8adfc2c32') in 0.186513 seconds
  Import took 0.192310 seconds .

========================================================================
Received Prepare
Registering precompiled user dll's ...
Registered in 0.006594 seconds.
Begin MonoManager ReloadAssembly
Native extension for WindowsStandalone target not found
Refreshing native plugins compatible for Editor in 0.64 ms, found 2 plugins.
Preloading 0 native plugins for Editor in 0.00 ms.
Mono: successfully reloaded assembly
- Completed reload, in  1.333 seconds
Platform modules already initialized, skipping
Shader 'Universal Render Pipeline/Particles/Lit': fallback shader 'Universal Render Pipeline/Particles/SimpleLit' not found
Shader 'Universal Render Pipeline/Particles/Lit': fallback shader 'Universal Render Pipeline/Particles/SimpleLit' not found
Refreshing native plugins compatible for Editor in 0.72 ms, found 2 plugins.
Preloading 0 native plugins for Editor in 0.00 ms.
Unloading 2988 Unused Serialized files (Serialized files now loaded: 0)
System memory in use before: 137.4 MB.
System memory in use after: 134.7 MB.

Unloading 49 unused Assets to reduce memory usage. Loaded Objects now: 3623.
Total: 4.774300 ms (FindLiveObjects: 0.413400 ms CreateObjectMapping: 0.081500 ms MarkObjects: 2.513500 ms  DeleteObjects: 1.764000 ms)

========================================================================
Received Prepare
Registering precompiled user dll's ...
Registered in 0.005832 seconds.
Begin MonoManager ReloadAssembly
Native extension for WindowsStandalone target not found
Refreshing native plugins compatible for Editor in 0.64 ms, found 2 plugins.
Preloading 0 native plugins for Editor in 0.00 ms.
Mono: successfully reloaded assembly
- Completed reload, in  1.310 seconds
Platform modules already initialized, skipping
Shader 'Universal Render Pipeline/Particles/Lit': fallback shader 'Universal Render Pipeline/Particles/SimpleLit' not found
Shader 'Universal Render Pipeline/Particles/Lit': fallback shader 'Universal Render Pipeline/Particles/SimpleLit' not found
Refreshing native plugins compatible for Editor in 0.73 ms, found 2 plugins.
Preloading 0 native plugins for Editor in 0.00 ms.
Unloading 2988 Unused Serialized files (Serialized files now loaded: 0)
System memory in use before: 137.4 MB.
System memory in use after: 134.7 MB.

Unloading 49 unused Assets to reduce memory usage. Loaded Objects now: 3626.
Total: 4.840600 ms (FindLiveObjects: 0.435700 ms CreateObjectMapping: 0.091200 ms MarkObjects: 2.567800 ms  DeleteObjects: 1.743700 ms)

========================================================================
Received Prepare
Registering precompiled user dll's ...
Registered in 0.005880 seconds.
Begin MonoManager ReloadAssembly
Native extension for WindowsStandalone target not found
Refreshing native plugins compatible for Editor in 0.64 ms, found 2 plugins.
Preloading 0 native plugins for Editor in 0.00 ms.
Mono: successfully reloaded assembly
- Completed reload, in  1.276 seconds
Platform modules already initialized, skipping
Shader 'Universal Render Pipeline/Particles/Lit': fallback shader 'Universal Render Pipeline/Particles/SimpleLit' not found
Shader 'Universal Render Pipeline/Particles/Lit': fallback shader 'Universal Render Pipeline/Particles/SimpleLit' not found
Refreshing native plugins compatible for Editor in 0.74 ms, found 2 plugins.
Preloading 0 native plugins for Editor in 0.00 ms.
Unloading 2988 Unused Serialized files (Serialized files now loaded: 0)
System memory in use before: 137.4 MB.
System memory in use after: 134.7 MB.

Unloading 49 unused Assets to reduce memory usage. Loaded Objects now: 3629.
Total: 5.247700 ms (FindLiveObjects: 0.395700 ms CreateObjectMapping: 0.086100 ms MarkObjects: 2.979300 ms  DeleteObjects: 1.783500 ms)

========================================================================
Received Import Request.
  Time since last request: 1576.846435 seconds.
  path: Assets/Materials
  artifactKey: Guid(d0234ba368eeec9418390da711bfdad0) Importer(815301076,1909f56bfc062723c751e8b465ee728b)
Start importing Assets/Materials using Guid(d0234ba368eeec9418390da711bfdad0) Importer(815301076,1909f56bfc062723c751e8b465ee728b)  -> (artifact id: 'dd1fccef896d48891410691dfde716e5') in 0.012362 seconds
  Import took 0.017241 seconds .

========================================================================
Received Import Request.
  Time since last request: 0.000195 seconds.
  path: Assets/Materials/Skybox_Mat.mat
  artifactKey: Guid(0ffaa0b7117ba8c47a9d05ae701d4b4d) Importer(815301076,1909f56bfc062723c751e8b465ee728b)
Start importing Assets/Materials/Skybox_Mat.mat using Guid(0ffaa0b7117ba8c47a9d05ae701d4b4d) Importer(815301076,1909f56bfc062723c751e8b465ee728b)  -> (artifact id: '4d54ab3375f41efad00566dcae11def2') in 0.206505 seconds
  Import took 0.211490 seconds .

========================================================================
Received Import Request.
  Time since last request: 6.194053 seconds.
  path: Assets/Materials/grass.mat
  artifactKey: Guid(c5ce13100b2487a438ddbe3b3ba10b12) Importer(815301076,1909f56bfc062723c751e8b465ee728b)
Start importing Assets/Materials/grass.mat using Guid(c5ce13100b2487a438ddbe3b3ba10b12) Importer(815301076,1909f56bfc062723c751e8b465ee728b)  -> (artifact id: '25100038a80e872716c9b32971330fa2') in 0.017803 seconds
  Import took 0.023302 seconds .

========================================================================
Received Import Request.
  Time since last request: 18.785973 seconds.
  path: Assets/Materials/grass.mat
  artifactKey: Guid(c5ce13100b2487a438ddbe3b3ba10b12) Importer(815301076,1909f56bfc062723c751e8b465ee728b)
Start importing Assets/Materials/grass.mat using Guid(c5ce13100b2487a438ddbe3b3ba10b12) Importer(815301076,1909f56bfc062723c751e8b465ee728b)  -> (artifact id: '6207098bcad190300ae66edcf24e82dd') in 0.012982 seconds
  Import took 0.018544 seconds .

========================================================================
Received Import Request.
  Time since last request: 0.000345 seconds.
  path: Assets/Materials/water.mat
  artifactKey: Guid(4c9e35f818a686e4d9a67300025e7317) Importer(815301076,1909f56bfc062723c751e8b465ee728b)
Start importing Assets/Materials/water.mat using Guid(4c9e35f818a686e4d9a67300025e7317) Importer(815301076,1909f56bfc062723c751e8b465ee728b)  -> (artifact id: '9ff97c097fbbf9ab57752063245771c7') in 0.015195 seconds
  Import took 0.020747 seconds .

========================================================================
Received Import Request.
  Time since last request: 52.354262 seconds.
  path: Assets/Materials/rock.mat
  artifactKey: Guid(d1570e2713886b54682bda0f8bcd6645) Importer(815301076,1909f56bfc062723c751e8b465ee728b)
Start importing Assets/Materials/rock.mat using Guid(d1570e2713886b54682bda0f8bcd6645) Importer(815301076,1909f56bfc062723c751e8b465ee728b)  -> (artifact id: '74f3d77b9a29b6e31c648102422388bd') in 0.014220 seconds
  Import took 0.019208 seconds .

========================================================================
Received Import Request.
  Time since last request: 0.000198 seconds.
  path: Assets/Materials/water.mat
  artifactKey: Guid(4c9e35f818a686e4d9a67300025e7317) Importer(815301076,1909f56bfc062723c751e8b465ee728b)
Start importing Assets/Materials/water.mat using Guid(4c9e35f818a686e4d9a67300025e7317) Importer(815301076,1909f56bfc062723c751e8b465ee728b)  -> (artifact id: '74cd2d52ccea38b318f32cb9616b5480') in 0.014812 seconds
  Import took 0.019434 seconds .

========================================================================
Received Import Request.
  Time since last request: 29.946620 seconds.
  path: Assets/Background_1.fbx
  artifactKey: Guid(555e90f113d134249bfd6e5595e9d74c) Importer(815301076,1909f56bfc062723c751e8b465ee728b)
Start importing Assets/Background_1.fbx using Guid(555e90f113d134249bfd6e5595e9d74c) Importer(815301076,1909f56bfc062723c751e8b465ee728b)  -> (artifact id: '2d0059953ae95640719745c286e0484e') in 0.595735 seconds
  Import took 0.602996 seconds .

========================================================================
Received Prepare
Registering precompiled user dll's ...
Registered in 0.006317 seconds.
Begin MonoManager ReloadAssembly
Native extension for WindowsStandalone target not found
Refreshing native plugins compatible for Editor in 0.77 ms, found 2 plugins.
Preloading 0 native plugins for Editor in 0.00 ms.
Mono: successfully reloaded assembly
- Completed reload, in  1.389 seconds
Platform modules already initialized, skipping
Shader 'Universal Render Pipeline/Particles/Lit': fallback shader 'Universal Render Pipeline/Particles/SimpleLit' not found
Shader 'Universal Render Pipeline/Particles/Lit': fallback shader 'Universal Render Pipeline/Particles/SimpleLit' not found
Refreshing native plugins compatible for Editor in 0.66 ms, found 2 plugins.
Preloading 0 native plugins for Editor in 0.00 ms.
Unloading 2988 Unused Serialized files (Serialized files now loaded: 0)
System memory in use before: 152.4 MB.
System memory in use after: 149.6 MB.

Unloading 49 unused Assets to reduce memory usage. Loaded Objects now: 3674.
Total: 6.858600 ms (FindLiveObjects: 0.404100 ms CreateObjectMapping: 0.096500 ms MarkObjects: 4.331600 ms  DeleteObjects: 2.023700 ms)

========================================================================
Received Prepare
Registering precompiled user dll's ...
Registered in 0.006091 seconds.
Begin MonoManager ReloadAssembly
Native extension for WindowsStandalone target not found
Refreshing native plugins compatible for Editor in 0.64 ms, found 2 plugins.
Preloading 0 native plugins for Editor in 0.00 ms.
Mono: successfully reloaded assembly
- Completed reload, in  1.265 seconds
Platform modules already initialized, skipping
Shader 'Universal Render Pipeline/Particles/Lit': fallback shader 'Universal Render Pipeline/Particles/SimpleLit' not found
Shader 'Universal Render Pipeline/Particles/Lit': fallback shader 'Universal Render Pipeline/Particles/SimpleLit' not found
Refreshing native plugins compatible for Editor in 0.64 ms, found 2 plugins.
Preloading 0 native plugins for Editor in 0.00 ms.
Unloading 2988 Unused Serialized files (Serialized files now loaded: 0)
System memory in use before: 152.4 MB.
System memory in use after: 149.7 MB.

Unloading 49 unused Assets to reduce memory usage. Loaded Objects now: 3677.
Total: 4.702100 ms (FindLiveObjects: 0.334500 ms CreateObjectMapping: 0.087800 ms MarkObjects: 2.570000 ms  DeleteObjects: 1.707700 ms)

========================================================================
Received Import Request.
  Time since last request: 17136.087615 seconds.
  path: Assets/Materials/grass.mat
  artifactKey: Guid(c5ce13100b2487a438ddbe3b3ba10b12) Importer(815301076,1909f56bfc062723c751e8b465ee728b)
Start importing Assets/Materials/grass.mat using Guid(c5ce13100b2487a438ddbe3b3ba10b12) Importer(815301076,1909f56bfc062723c751e8b465ee728b)  -> (artifact id: 'e4e523588fe682f99a208bb52d7adc53') in 3.583646 seconds
  Import took 3.658451 seconds .

========================================================================
Received Import Request.
  Time since last request: 0.000218 seconds.
  path: Assets/Materials/rock.mat
  artifactKey: Guid(d1570e2713886b54682bda0f8bcd6645) Importer(815301076,1909f56bfc062723c751e8b465ee728b)
Start importing Assets/Materials/rock.mat using Guid(d1570e2713886b54682bda0f8bcd6645) Importer(815301076,1909f56bfc062723c751e8b465ee728b)  -> (artifact id: '291deea7ef4839febdf43f3bc0c02dce') in 0.219053 seconds
  Import took 0.237389 seconds .

========================================================================
Received Import Request.
  Time since last request: 3610.041703 seconds.
  path: Assets/Scenes/FishScene.unity
  artifactKey: Guid(bc09e4dcaef0e5d46b7ba7792a400b2c) Importer(815301076,1909f56bfc062723c751e8b465ee728b)
Start importing Assets/Scenes/FishScene.unity using Guid(bc09e4dcaef0e5d46b7ba7792a400b2c) Importer(815301076,1909f56bfc062723c751e8b465ee728b)  -> (artifact id: '49481a3592e695ad8b4000508245b672') in 0.024908 seconds
  Import took 0.031604 seconds .

========================================================================
Received Import Request.
  Time since last request: 8.819294 seconds.
  path: Assets/Scenes/New Scene.unity
  artifactKey: Guid(395aeddf824a2ca448433d3200df11f3) Importer(815301076,1909f56bfc062723c751e8b465ee728b)
Start importing Assets/Scenes/New Scene.unity using Guid(395aeddf824a2ca448433d3200df11f3) Importer(815301076,1909f56bfc062723c751e8b465ee728b)  -> (artifact id: 'cd35cdd99a1a394ddc7517835d219729') in 0.037453 seconds
  Import took 0.065399 seconds .

========================================================================
Received Import Request.
  Time since last request: 4.800568 seconds.
  path: Assets/Presets/AudioCompressedInMemory.preset
  artifactKey: Guid(2dd802e4d37c65149922028d3e973832) Importer(815301076,1909f56bfc062723c751e8b465ee728b)
Start importing Assets/Presets/AudioCompressedInMemory.preset using Guid(2dd802e4d37c65149922028d3e973832) Importer(815301076,1909f56bfc062723c751e8b465ee728b)  -> (artifact id: 'ac4de02398cfe62c06251b0f50233ebf') in 0.134605 seconds
  Import took 0.168933 seconds .

========================================================================
Received Import Request.
  Time since last request: 0.000210 seconds.
  path: Assets/Presets/AudioStreaming.preset
  artifactKey: Guid(86bcce7f5575b54408aa0f3a7d321039) Importer(815301076,1909f56bfc062723c751e8b465ee728b)
Start importing Assets/Presets/AudioStreaming.preset using Guid(86bcce7f5575b54408aa0f3a7d321039) Importer(815301076,1909f56bfc062723c751e8b465ee728b)  -> (artifact id: '9982fbd60bc57b892b2c54d34a0163c0') in 0.043178 seconds
  Import took 0.053256 seconds .

========================================================================
Received Import Request.
  Time since last request: 0.000213 seconds.
  path: Assets/Presets/NormalTexture.preset
  artifactKey: Guid(14a57cf3b9fa1c74b884aa7e0dcf1faa) Importer(815301076,1909f56bfc062723c751e8b465ee728b)
Start importing Assets/Presets/NormalTexture.preset using Guid(14a57cf3b9fa1c74b884aa7e0dcf1faa) Importer(815301076,1909f56bfc062723c751e8b465ee728b)  -> (artifact id: '9c195482fc53bc4f53f643643f636469') in 0.093791 seconds
  Import took 0.120301 seconds .

========================================================================
Received Import Request.
  Time since last request: 0.000224 seconds.
  path: Assets/Presets/UtilityTexture.preset
  artifactKey: Guid(45f7b2e3c78185248b3adbb14429c2ab) Importer(815301076,1909f56bfc062723c751e8b465ee728b)
Start importing Assets/Presets/UtilityTexture.preset using Guid(45f7b2e3c78185248b3adbb14429c2ab) Importer(815301076,1909f56bfc062723c751e8b465ee728b)  -> (artifact id: 'ab9c1faeeb59b745cafa0ae79c874a42') in 0.044402 seconds
  Import took 0.068272 seconds .

========================================================================
Received Import Request.
  Time since last request: 13.530525 seconds.
  path: Assets/Sprites
  artifactKey: Guid(c306224a3f5dd0343b19f345ecfe69fc) Importer(815301076,1909f56bfc062723c751e8b465ee728b)
Start importing Assets/Sprites using Guid(c306224a3f5dd0343b19f345ecfe69fc) Importer(815301076,1909f56bfc062723c751e8b465ee728b)  -> (artifact id: '22acc5cd7fafef96a51836888ec59c4e') in 0.026215 seconds
  Import took 0.051991 seconds .

========================================================================
Received Import Request.
  Time since last request: 26.700215 seconds.
  path: Assets/New Animation.anim
  artifactKey: Guid(2103024013c55054f8cc9b77fdabac50) Importer(815301076,1909f56bfc062723c751e8b465ee728b)
Start importing Assets/New Animation.anim using Guid(2103024013c55054f8cc9b77fdabac50) Importer(815301076,1909f56bfc062723c751e8b465ee728b)  -> (artifact id: '1e359d037e354b1e5955d14d1cf0f8f0') in 0.091011 seconds
  Import took 0.116879 seconds .

========================================================================
Received Import Request.
  Time since last request: 7.552887 seconds.
  path: Assets/FinneganAC.anim
  artifactKey: Guid(2103024013c55054f8cc9b77fdabac50) Importer(815301076,1909f56bfc062723c751e8b465ee728b)
Start importing Assets/FinneganAC.anim using Guid(2103024013c55054f8cc9b77fdabac50) Importer(815301076,1909f56bfc062723c751e8b465ee728b)  -> (artifact id: '9db1eacb68e57d4f063ca2f388997907') in 0.012487 seconds
  Import took 0.018724 seconds .

========================================================================
Received Import Request.
  Time since last request: 6.784321 seconds.
  path: Assets/FinneganAnim.anim
  artifactKey: Guid(2103024013c55054f8cc9b77fdabac50) Importer(815301076,1909f56bfc062723c751e8b465ee728b)
Start importing Assets/FinneganAnim.anim using Guid(2103024013c55054f8cc9b77fdabac50) Importer(815301076,1909f56bfc062723c751e8b465ee728b)  -> (artifact id: '4fc4b1e519715d12ce22476b7f965bce') in 0.115878 seconds
  Import took 0.176165 seconds .

========================================================================
Received Import Request.
  Time since last request: 53.737233 seconds.
  path: Assets/Prefabs
  artifactKey: Guid(fac37cf9a558ea7469e271bce54fddf0) Importer(815301076,1909f56bfc062723c751e8b465ee728b)
Start importing Assets/Prefabs using Guid(fac37cf9a558ea7469e271bce54fddf0) Importer(815301076,1909f56bfc062723c751e8b465ee728b)  -> (artifact id: '21879bcd48a022cc68ce64e4ad08009b') in 0.008594 seconds
  Import took 0.044092 seconds .

========================================================================
Received Import Request.
  Time since last request: 16.227884 seconds.
  path: Assets/Prefabs/salmontest.prefab
  artifactKey: Guid(684439f81c2cf024c92d82d074ebfe6c) Importer(815301076,1909f56bfc062723c751e8b465ee728b)
Start importing Assets/Prefabs/salmontest.prefab using Guid(684439f81c2cf024c92d82d074ebfe6c) Importer(815301076,1909f56bfc062723c751e8b465ee728b)  -> (artifact id: '47bac95703b639e50c9d6e0eb9acd840') in 0.353982 seconds
  Import took 0.373078 seconds .

========================================================================
Received Prepare
Registering precompiled user dll's ...
Registered in 0.229007 seconds.
Begin MonoManager ReloadAssembly
Native extension for WindowsStandalone target not found
Refreshing native plugins compatible for Editor in 0.66 ms, found 2 plugins.
Preloading 0 native plugins for Editor in 0.00 ms.
Mono: successfully reloaded assembly
- Completed reload, in  1.539 seconds
Platform modules already initialized, skipping
Shader 'Universal Render Pipeline/Particles/Lit': fallback shader 'Universal Render Pipeline/Particles/SimpleLit' not found
Shader 'Universal Render Pipeline/Particles/Lit': fallback shader 'Universal Render Pipeline/Particles/SimpleLit' not found
Refreshing native plugins compatible for Editor in 0.63 ms, found 2 plugins.
Preloading 0 native plugins for Editor in 0.00 ms.
Unloading 2988 Unused Serialized files (Serialized files now loaded: 0)
System memory in use before: 152.6 MB.
System memory in use after: 149.8 MB.

Unloading 49 unused Assets to reduce memory usage. Loaded Objects now: 3716.
Total: 5.108900 ms (FindLiveObjects: 0.368300 ms CreateObjectMapping: 0.083100 ms MarkObjects: 2.821900 ms  DeleteObjects: 1.833800 ms)

========================================================================
Received Import Request.
  Time since last request: 8338.555978 seconds.
  path: Assets/InputSystem.inputsettings.asset
  artifactKey: Guid(d0d5308b096630a46b46acbb273e2cba) Importer(815301076,1909f56bfc062723c751e8b465ee728b)
Start importing Assets/InputSystem.inputsettings.asset using Guid(d0d5308b096630a46b46acbb273e2cba) Importer(815301076,1909f56bfc062723c751e8b465ee728b)  -> (artifact id: 'a1d5379add95d7599c94916600777027') in 0.039652 seconds
  Import took 0.069135 seconds .

========================================================================
Received Prepare
Registering precompiled user dll's ...
Registered in 0.005570 seconds.
Begin MonoManager ReloadAssembly
Native extension for WindowsStandalone target not found
Refreshing native plugins compatible for Editor in 0.62 ms, found 2 plugins.
Preloading 0 native plugins for Editor in 0.00 ms.
Mono: successfully reloaded assembly
- Completed reload, in  1.329 seconds
Platform modules already initialized, skipping
Shader 'Universal Render Pipeline/Particles/Lit': fallback shader 'Universal Render Pipeline/Particles/SimpleLit' not found
Shader 'Universal Render Pipeline/Particles/Lit': fallback shader 'Universal Render Pipeline/Particles/SimpleLit' not found
Refreshing native plugins compatible for Editor in 0.65 ms, found 2 plugins.
Preloading 0 native plugins for Editor in 0.00 ms.
Unloading 2988 Unused Serialized files (Serialized files now loaded: 0)
System memory in use before: 152.6 MB.
System memory in use after: 149.8 MB.

Unloading 49 unused Assets to reduce memory usage. Loaded Objects now: 3719.
Total: 4.934900 ms (FindLiveObjects: 0.374900 ms CreateObjectMapping: 0.084600 ms MarkObjects: 2.706100 ms  DeleteObjects: 1.768000 ms)

========================================================================
Received Import Request.
  Time since last request: 1765.578636 seconds.
  path: Assets/bg1.mat
  artifactKey: Guid(717e4ed33a2c70549a8d43a6e3f04303) Importer(815301076,1909f56bfc062723c751e8b465ee728b)
Start importing Assets/bg1.mat using Guid(717e4ed33a2c70549a8d43a6e3f04303) Importer(815301076,1909f56bfc062723c751e8b465ee728b)  -> (artifact id: 'e763b307abec852a377cfe66c7c0788b') in 0.221791 seconds
  Import took 0.250919 seconds .

========================================================================
Received Import Request.
  Time since last request: 0.000196 seconds.
  path: Assets/InputSystem.inputsettings.asset
  artifactKey: Guid(d0d5308b096630a46b46acbb273e2cba) Importer(815301076,1909f56bfc062723c751e8b465ee728b)
Start importing Assets/InputSystem.inputsettings.asset using Guid(d0d5308b096630a46b46acbb273e2cba) Importer(815301076,1909f56bfc062723c751e8b465ee728b)  -> (artifact id: 'd914de9a44bd333e147504c930ee58f7') in 0.004053 seconds
  Import took 0.009531 seconds .

========================================================================
Received Prepare
Registering precompiled user dll's ...
Registered in 0.005725 seconds.
Begin MonoManager ReloadAssembly
Native extension for WindowsStandalone target not found
Refreshing native plugins compatible for Editor in 0.61 ms, found 2 plugins.
Preloading 0 native plugins for Editor in 0.00 ms.
Mono: successfully reloaded assembly
- Completed reload, in  1.248 seconds
Platform modules already initialized, skipping
Shader 'Universal Render Pipeline/Particles/Lit': fallback shader 'Universal Render Pipeline/Particles/SimpleLit' not found
Shader 'Universal Render Pipeline/Particles/Lit': fallback shader 'Universal Render Pipeline/Particles/SimpleLit' not found
Refreshing native plugins compatible for Editor in 0.67 ms, found 2 plugins.
Preloading 0 native plugins for Editor in 0.00 ms.
Unloading 2988 Unused Serialized files (Serialized files now loaded: 0)
System memory in use before: 152.8 MB.
System memory in use after: 150.0 MB.

Unloading 49 unused Assets to reduce memory usage. Loaded Objects now: 3759.
Total: 4.844700 ms (FindLiveObjects: 0.355900 ms CreateObjectMapping: 0.084600 ms MarkObjects: 2.665900 ms  DeleteObjects: 1.736900 ms)

========================================================================
Received Prepare
Registering precompiled user dll's ...
Registered in 0.005716 seconds.
Begin MonoManager ReloadAssembly
Native extension for WindowsStandalone target not found
Refreshing native plugins compatible for Editor in 0.62 ms, found 2 plugins.
Preloading 0 native plugins for Editor in 0.00 ms.
Mono: successfully reloaded assembly
- Completed reload, in  1.262 seconds
Platform modules already initialized, skipping
Shader 'Universal Render Pipeline/Particles/Lit': fallback shader 'Universal Render Pipeline/Particles/SimpleLit' not found
Shader 'Universal Render Pipeline/Particles/Lit': fallback shader 'Universal Render Pipeline/Particles/SimpleLit' not found
Refreshing native plugins compatible for Editor in 0.67 ms, found 2 plugins.
Preloading 0 native plugins for Editor in 0.00 ms.
Unloading 2988 Unused Serialized files (Serialized files now loaded: 0)
System memory in use before: 152.7 MB.
System memory in use after: 150.0 MB.

Unloading 49 unused Assets to reduce memory usage. Loaded Objects now: 3762.
Total: 5.022200 ms (FindLiveObjects: 0.362800 ms CreateObjectMapping: 0.083200 ms MarkObjects: 2.807400 ms  DeleteObjects: 1.767400 ms)

========================================================================
Received Prepare
Registering precompiled user dll's ...
Registered in 0.005717 seconds.
Begin MonoManager ReloadAssembly
Native extension for WindowsStandalone target not found
Refreshing native plugins compatible for Editor in 0.64 ms, found 2 plugins.
Preloading 0 native plugins for Editor in 0.00 ms.
Mono: successfully reloaded assembly
- Completed reload, in  1.247 seconds
Platform modules already initialized, skipping
Shader 'Universal Render Pipeline/Particles/Lit': fallback shader 'Universal Render Pipeline/Particles/SimpleLit' not found
Shader 'Universal Render Pipeline/Particles/Lit': fallback shader 'Universal Render Pipeline/Particles/SimpleLit' not found
Refreshing native plugins compatible for Editor in 0.63 ms, found 2 plugins.
Preloading 0 native plugins for Editor in 0.00 ms.
Unloading 2988 Unused Serialized files (Serialized files now loaded: 0)
System memory in use before: 152.8 MB.
System memory in use after: 150.0 MB.

Unloading 49 unused Assets to reduce memory usage. Loaded Objects now: 3765.
Total: 5.211600 ms (FindLiveObjects: 0.403200 ms CreateObjectMapping: 0.083500 ms MarkObjects: 2.951300 ms  DeleteObjects: 1.771700 ms)

AssetImportWorkerClient::OnTransportError - code=2 error=End of file
